Wed Jul  8 13:39:49 PDT 2020
;; 1. Based on: 
;; 2. Description: Model 6 - 2cmt model with covariates
;; x1. Author: user
; Reference: 
; Nonlinear Mixed‐Effects Model Development and Simulation Using nlmixr and Related R Open‐Source Packages
; https://doi.org/10.1002/psp4.12445
$PROBLEM    examplomycin
$INPUT      ID TIME DV CMT WT SEX AMT EVID PHASE=DROP
$DATA      examplomycin2.csv IGNORE=@
$SUBROUTINE ADVAN13 TOL=9
$MODEL      NCOMP=3
$PK
NMID = ID

; Covariates
WT2 = WT
IF(WT.LE.0) WT2 = 70


MU_1 = LOG(THETA(1)) + THETA(11) * LOG(WT2/70)
CL   = EXP(MU_1 + ETA(1))

MU_2 = LOG(THETA(2)) + THETA(12) * SEX
V2   = EXP(MU_2 + ETA(2))

MU_3 = LOG(THETA(3)) 
V3   = EXP(MU_3 + ETA(3))

MU_4 = LOG(THETA(4)) 
Q    = EXP(MU_4 + ETA(4))

MU_5 = LOG(THETA(5)) 
KA   = EXP(MU_5 + ETA(5))

K   = CL/V2
K23 = Q /V2	
K32 = Q /V3

; Calc TAD
;; initialize for new individual or reset record
IF (NEWIND.LT.2.OR.EVID.EQ.3) THEN
 TDOS=-9999 ; Time of most recent dose. -9999 if no previous dose.
 TAD=0 ; Time After Dose
ENDIF
IF (EVID.EQ.1.OR.EVID.EQ.4) TDOS=TIME
IF (TDOS.GT.-9999) TAD=TIME-TDOS


$DES
DADT(1) =-KA*A(1)                           ; Depot
DADT(2) = KA*A(1) - (K+K23)*A(2) + K32*A(3) ; Central
DADT(3) =              K23 *A(2) - K32*A(3) ; Peripheral


$ERROR
IPRED = (A(2)/V2+.000001)

PROP = IPRED*THETA(6)
ADD  = THETA(7)
SD   = SQRT(PROP*PROP+ADD*ADD)

Y = IPRED + EPS(1)*SD
IRES = DV - IPRED


$THETA  (0,0.1) ; 1 CL
 (0,2) ; 2 V2
 (0,5) ; 3 V3
 (0,0.3) ; 4 Q
 (0,1) ; 5 KA
 (0,0.1) ; 6 Prop err
 0 FIX ; 7 Add err
 0 FIX ; 8 blank
 0 FIX ; 9 blank
 0 FIX ; 10 blank
 0.75 ; 11 WT on CL
 -0.2 ; 12 SEX on V2
$OMEGA  BLOCK(2)
 .1  ;      1 CL_
 .03 .1  ;      2 V2_
$OMEGA  .1  ;      3 V3_
 .1  ;       4 Q_
 .1  ;      5 KA_
$SIGMA  1  FIX
$ESTIMATION METHOD=COND INTERACTION MAXEVAL=9999 NSIG=3 SIGL=10
            PRINT=1 NOTHETABOUNDTEST NOABORT
$COVARIANCE PRINT=E UNCONDITIONAL SIGL=10
$TABLE      ID NMID TIME TAD DV CMT WT SEX AMT EVID ETAS(1:LAST) CL V2
            IPRED CWRES IRES NOPRINT ONEHEADER FILE=run006.tab


NM-TRAN MESSAGES
  
 WARNINGS AND ERRORS (IF ANY) FOR PROBLEM    1
             
 (WARNING  2) NM-TRAN INFERS THAT THE DATA ARE POPULATION.

 (MU_WARNING 26) DATA ITEM(S) USED IN DEFINITION OF MU_(S) SHOULD BE CONSTANT FOR INDIV. REC.:
  WT SEX

License Registered to: Genentech, Inc
Expiration Date:    14 DEC 2020
Current Date:        8 JUL 2020
Days until program expires : 156
1NONLINEAR MIXED EFFECTS MODEL PROGRAM (NONMEM) VERSION 7.4.4
 ORIGINALLY DEVELOPED BY STUART BEAL, LEWIS SHEINER, AND ALISON BOECKMANN
 CURRENT DEVELOPERS ARE ROBERT BAUER, ICON DEVELOPMENT SOLUTIONS,
 AND ALISON BOECKMANN. IMPLEMENTATION, EFFICIENCY, AND STANDARDIZATION
 PERFORMED BY NOUS INFOSYSTEMS.

 PROBLEM NO.:         1
 examplomycin
0DATA CHECKOUT RUN:              NO
 DATA SET LOCATED ON UNIT NO.:    2
 THIS UNIT TO BE REWOUND:        NO
 NO. OF DATA RECS IN DATA SET:      680
 NO. OF DATA ITEMS IN DATA SET:   9
 ID DATA ITEM IS DATA ITEM NO.:   1
 DEP VARIABLE IS DATA ITEM NO.:   3
 MDV DATA ITEM IS DATA ITEM NO.:  9
0INDICES PASSED TO SUBROUTINE PRED:
   8   2   7   0   0   0   4   0   0   0   0
0LABELS FOR DATA ITEMS:
 ID TIME DV CMT WT SEX AMT EVID MDV
0(NONBLANK) LABELS FOR PRED-DEFINED ITEMS:
 NMID CL V2 TAD IPRED IRES
0FORMAT FOR DATA:
 (8E8.0,1F2.0)

 TOT. NO. OF OBS RECS:      360
 TOT. NO. OF INDIVIDUALS:       40
0LENGTH OF THETA:  12
0DEFAULT THETA BOUNDARY TEST OMITTED:   YES
0OMEGA HAS BLOCK FORM:
  1
  1  1
  0  0  2
  0  0  0  3
  0  0  0  0  4
0DEFAULT OMEGA BOUNDARY TEST OMITTED:    NO
0SIGMA HAS SIMPLE DIAGONAL FORM WITH DIMENSION:   1
0DEFAULT SIGMA BOUNDARY TEST OMITTED:    NO
0INITIAL ESTIMATE OF THETA:
 LOWER BOUND    INITIAL EST    UPPER BOUND
  0.0000E+00     0.1000E+00     0.1000E+07
  0.0000E+00     0.2000E+01     0.1000E+07
  0.0000E+00     0.5000E+01     0.1000E+07
  0.0000E+00     0.3000E+00     0.1000E+07
  0.0000E+00     0.1000E+01     0.1000E+07
  0.0000E+00     0.1000E+00     0.1000E+07
  0.0000E+00     0.0000E+00     0.0000E+00
  0.0000E+00     0.0000E+00     0.0000E+00
  0.0000E+00     0.0000E+00     0.0000E+00
  0.0000E+00     0.0000E+00     0.0000E+00
 -0.1000E+07     0.7500E+00     0.1000E+07
 -0.1000E+07    -0.2000E+00     0.1000E+07
0INITIAL ESTIMATE OF OMEGA:
 BLOCK SET NO.   BLOCK                                                                    FIXED
        1                                                                                   NO
                  0.1000E+00
                  0.3000E-01   0.1000E+00
        2                                                                                   NO
                  0.1000E+00
        3                                                                                   NO
                  0.1000E+00
        4                                                                                   NO
                  0.1000E+00
0INITIAL ESTIMATE OF SIGMA:
 0.1000E+01
0SIGMA CONSTRAINED TO BE THIS INITIAL ESTIMATE
0COVARIANCE STEP OMITTED:        NO
 EIGENVLS. PRINTED:             YES
 SPECIAL COMPUTATION:            NO
 COMPRESSED FORMAT:              NO
 GRADIENT METHOD USED:     NOSLOW
 SIGDIGITS ETAHAT (SIGLO):                  -1
 SIGDIGITS GRADIENTS (SIGL):                10
 EXCLUDE COV FOR FOCE (NOFCOV):              NO
 TURN OFF Cholesky Transposition of R Matrix (CHOLROFF): NO
 KNUTHSUMOFF:                                -1
 RESUME COV ANALYSIS (RESUME):               NO
 SIR SAMPLE SIZE (SIRSAMPLE):              -1
 NON-LINEARLY TRANSFORM THETAS DURING COV (THBND): 1
 PRECONDTIONING CYCLES (PRECOND):        0
 PRECONDTIONING TYPES (PRECONDS):        TOS
 FORCED PRECONDTIONING CYCLES (PFCOND):0
 PRECONDTIONING TYPE (PRETYPE):        0
 FORCED POS. DEFINITE SETTING: (FPOSDEF):0
0TABLES STEP OMITTED:    NO
 NO. OF TABLES:           1
 SEED NUMBER (SEED):    11456
 RANMETHOD:             3U
 MC SAMPLES (ESAMPLE):    300
 WRES SQUARE ROOT TYPE (WRESCHOL): EIGENVALUE
0-- TABLE   1 --
0RECORDS ONLY:    ALL
04 COLUMNS APPENDED:    YES
 PRINTED:                NO
 HEADER:                YES
 FILE TO BE FORWARDED:   NO
 FORMAT:                S1PE11.4
 LFORMAT:
 RFORMAT:
 FIXED_EFFECT_ETAS:
0USER-CHOSEN ITEMS:
 ID NMID TIME TAD DV CMT WT SEX AMT EVID ETA1 ETA2 ETA3 ETA4 ETA5 CL V2 IPRED CWRES IRES
1DOUBLE PRECISION PREDPP VERSION 7.4.4

 GENERAL NONLINEAR KINETICS MODEL WITH STIFF/NONSTIFF EQUATIONS (LSODA, ADVAN13)
0MODEL SUBROUTINE USER-SUPPLIED - ID NO. 9999
0MAXIMUM NO. OF BASIC PK PARAMETERS:   4
0COMPARTMENT ATTRIBUTES
 COMPT. NO.   FUNCTION   INITIAL    ON/OFF      DOSE      DEFAULT    DEFAULT
                         STATUS     ALLOWED    ALLOWED    FOR DOSE   FOR OBS.
    1         COMP 1       ON         YES        YES        YES        YES
    2         COMP 2       ON         YES        YES        NO         NO
    3         COMP 3       ON         YES        YES        NO         NO
    4         OUTPUT       OFF        YES        NO         NO         NO
 INITIAL (BASE) TOLERANCE SETTINGS:
 NRD (RELATIVE) VALUE(S) OF TOLERANCE:   9
 ANRD (ABSOLUTE) VALUE(S) OF TOLERANCE:  12
1
 ADDITIONAL PK PARAMETERS - ASSIGNMENT OF ROWS IN GG
 COMPT. NO.                             INDICES
              SCALE      BIOAVAIL.   ZERO-ORDER  ZERO-ORDER  ABSORB
                         FRACTION    RATE        DURATION    LAG
    1            *           *           *           *           *
    2            *           *           *           *           *
    3            *           *           *           *           *
    4            *           -           -           -           -
             - PARAMETER IS NOT ALLOWED FOR THIS MODEL
             * PARAMETER IS NOT SUPPLIED BY PK SUBROUTINE;
               WILL DEFAULT TO ONE IF APPLICABLE
0DATA ITEM INDICES USED BY PRED ARE:
   EVENT ID DATA ITEM IS DATA ITEM NO.:      8
   TIME DATA ITEM IS DATA ITEM NO.:          2
   DOSE AMOUNT DATA ITEM IS DATA ITEM NO.:   7
   COMPT. NO. DATA ITEM IS DATA ITEM NO.:    4

0PK SUBROUTINE CALLED WITH EVERY EVENT RECORD.
 PK SUBROUTINE NOT CALLED AT NONEVENT (ADDITIONAL OR LAGGED) DOSE TIMES.
0ERROR SUBROUTINE CALLED WITH EVERY EVENT RECORD.
0ERROR SUBROUTINE INDICATES THAT DERIVATIVES OF COMPARTMENT AMOUNTS ARE USED.
0DES SUBROUTINE USES COMPACT STORAGE MODE.
1


 #TBLN:      1
 #METH: First Order Conditional Estimation with Interaction

 ESTIMATION STEP OMITTED:                 NO
 ANALYSIS TYPE:                           POPULATION
 NUMBER OF SADDLE POINT RESET ITERATIONS:      0
 GRADIENT METHOD USED:               NOSLOW
 CONDITIONAL ESTIMATES USED:              YES
 CENTERED ETA:                            NO
 EPS-ETA INTERACTION:                     YES
 LAPLACIAN OBJ. FUNC.:                    NO
 NO. OF FUNCT. EVALS. ALLOWED:            9999
 NO. OF SIG. FIGURES REQUIRED:            3
 INTERMEDIATE PRINTOUT:                   YES
 ESTIMATE OUTPUT TO MSF:                  NO
 ABORT WITH PRED EXIT CODE 1:             NO
 IND. OBJ. FUNC. VALUES SORTED:           NO
 NUMERICAL DERIVATIVE
       FILE REQUEST (NUMDER):               NONE
 MAP (ETAHAT) ESTIMATION METHOD (OPTMAP):   0
 ETA HESSIAN EVALUATION METHOD (ETADER):    0
 INITIAL ETA FOR MAP ESTIMATION (MCETA):    0
 SIGDIGITS FOR MAP ESTIMATION (SIGLO):      10
 GRADIENT SIGDIGITS OF
       FIXED EFFECTS PARAMETERS (SIGL):     10
 NOPRIOR SETTING (NOPRIOR):                 OFF
 NOCOV SETTING (NOCOV):                     OFF
 DERCONT SETTING (DERCONT):                 OFF
 FINAL ETA RE-EVALUATION (FNLETA):          ON
 EXCLUDE NON-INFLUENTIAL (NON-INFL.) ETAS
       IN SHRINKAGE (ETASTYPE):             NO
 NON-INFL. ETA CORRECTION (NONINFETA):      OFF
 RAW OUTPUT FILE (FILE): psn.ext
 EXCLUDE TITLE (NOTITLE):                   NO
 EXCLUDE COLUMN LABELS (NOLABEL):           NO
 FORMAT FOR ADDITIONAL FILES (FORMAT):      S1PE12.5
 PARAMETER ORDER FOR OUTPUTS (ORDER):       TSOL
 WISHART PRIOR DF INTERPRETATION (WISHTYPE):0
 KNUTHSUMOFF:                               0
 INCLUDE LNTWOPI:                           NO
 INCLUDE CONSTANT TERM TO PRIOR (PRIORC):   NO
 INCLUDE CONSTANT TERM TO OMEGA (ETA) (OLNTWOPI):NO
 ADDITIONAL CONVERGENCE TEST (CTYPE=4)?:    NO
 EM OR BAYESIAN METHOD USED:                 NONE

 TOLERANCES FOR ESTIMATION/EVALUATION STEP:
 NRD (RELATIVE) VALUE(S) OF TOLERANCE:   9
 ANRD (ABSOLUTE) VALUE(S) OF TOLERANCE:  12
 TOLERANCES FOR COVARIANCE STEP:
 NRD (RELATIVE) VALUE(S) OF TOLERANCE:   9
 ANRD (ABSOLUTE) VALUE(S) OF TOLERANCE:  12
 TOLERANCES FOR TABLE/SCATTER STEP:
 NRD (RELATIVE) VALUE(S) OF TOLERANCE:   9
 ANRD (ABSOLUTE) VALUE(S) OF TOLERANCE:  12

 THE FOLLOWING LABELS ARE EQUIVALENT
 PRED=PREDI
 RES=RESI
 WRES=WRESI
 IWRS=IWRESI
 IPRD=IPREDI
 IRS=IRESI

 MONITORING OF SEARCH:


0ITERATION NO.:    0    OBJECTIVE VALUE:   3058.95179952694        NO. OF FUNC. EVALS.:  10
 CUMULATIVE NO. OF FUNC. EVALS.:       10
 NPARAMETR:  1.0000E-01  2.0000E+00  5.0000E+00  3.0000E-01  1.0000E+00  1.0000E-01  7.5000E-01 -2.0000E-01  1.0000E-01  3.0000E-02
             1.0000E-01  1.0000E-01  1.0000E-01  1.0000E-01
 PARAMETER:  1.0000E-01  1.0000E-01  1.0000E-01  1.0000E-01  1.0000E-01  1.0000E-01  1.0000E-01 -1.0000E-01  1.0000E-01  1.0000E-01
             1.0000E-01  1.0000E-01  1.0000E-01  1.0000E-01
 GRADIENT:  -2.1656E+02  1.4304E+01 -1.2909E+01  1.9486E+01 -6.8168E+01  3.0012E+02  1.2481E+02  1.1458E+01 -1.6680E+01 -7.4354E+00
             4.1117E+01  3.8338E+01  1.0272E+01  1.9022E+00

0ITERATION NO.:    1    OBJECTIVE VALUE:   2968.06840334857        NO. OF FUNC. EVALS.:  11
 CUMULATIVE NO. OF FUNC. EVALS.:       21
 NPARAMETR:  1.2417E-01  1.9716E+00  5.0649E+00  2.9421E-01  1.0705E+00  7.4082E-02 -1.8571E-01 -2.2291E-01  1.0339E-01  3.2772E-02
             9.4206E-02  9.2622E-02  9.7967E-02  9.9620E-02
 PARAMETER:  3.1648E-01  8.5702E-02  1.1290E-01  8.0522E-02  1.6814E-01 -2.0000E-01 -2.4761E-02 -1.1145E-01  1.1667E-01  1.0743E-01
             5.8900E-02  6.1677E-02  8.9732E-02  9.8099E-02
 GRADIENT:   3.9941E+01 -7.6018E+01  1.9926E+01  8.5337E-01 -1.2337E+01  2.1374E+02 -3.2181E+02 -1.0211E+02  4.1324E+00 -2.9910E+00
             3.7432E+01  3.9602E+01  7.6545E+00  2.4337E+00

0ITERATION NO.:    2    OBJECTIVE VALUE:   2927.05490458143        NO. OF FUNC. EVALS.:  11
 CUMULATIVE NO. OF FUNC. EVALS.:       32
 NPARAMETR:  1.2190E-01  2.0420E+00  5.0186E+00  2.9410E-01  1.0766E+00  6.7121E-02  9.2854E-01 -1.2863E-01  1.0300E-01  3.3130E-02
             9.1628E-02  8.9296E-02  9.7277E-02  9.9397E-02
 PARAMETER:  2.9804E-01  1.2080E-01  1.0371E-01  8.0128E-02  1.7384E-01 -2.9867E-01  1.2381E-01 -6.4313E-02  1.1477E-01  1.0881E-01
             4.1619E-02  4.3395E-02  8.6198E-02  9.6975E-02
 GRADIENT:  -7.3491E+01  1.9052E+01  4.1971E+00  1.7290E+01 -3.4123E+01  1.8019E+02  9.0895E+01  3.7776E+01  3.6592E+01 -1.1588E+01
             4.2143E+01  3.7952E+01  5.1739E+00 -1.8889E-02

0ITERATION NO.:    3    OBJECTIVE VALUE:   2904.22555478806        NO. OF FUNC. EVALS.:  11
 CUMULATIVE NO. OF FUNC. EVALS.:       43
 NPARAMETR:  1.4084E-01  2.0590E+00  4.9009E+00  2.8225E-01  1.1763E+00  3.7911E-02  1.0119E+00 -1.6346E-01  8.6263E-02  3.8468E-02
             8.0233E-02  7.0730E-02  9.3939E-02  9.9069E-02
 PARAMETER:  4.4248E-01  1.2909E-01  7.9988E-02  3.9006E-02  2.6241E-01 -8.6993E-01  1.3492E-01 -8.1729E-02  2.6117E-02  1.3806E-01
            -8.3238E-02 -7.3150E-02  6.8739E-02  9.5324E-02
 GRADIENT:   6.7615E+01 -4.4251E+01 -1.8396E+01 -1.5062E+01  3.4974E+01 -2.1407E+02  5.6402E+01 -5.9941E+01  2.9160E+01  1.6011E+01
             3.7302E+01  3.0966E+01 -2.0566E+00 -8.6435E+00

0ITERATION NO.:    4    OBJECTIVE VALUE:   2901.62029187660        NO. OF FUNC. EVALS.:  11
 CUMULATIVE NO. OF FUNC. EVALS.:       54
 NPARAMETR:  1.3965E-01  2.1261E+00  4.9248E+00  2.8208E-01  1.1765E+00  3.7411E-02  8.6543E-01 -9.0426E-02  7.9762E-02  3.6260E-02
             7.3096E-02  6.4217E-02  9.3340E-02  1.0003E-01
 PARAMETER:  4.3395E-01  1.6112E-01  8.4839E-02  3.8397E-02  2.6258E-01 -8.8320E-01  1.1539E-01 -4.5213E-02 -1.3059E-02  1.3534E-01
            -1.3732E-01 -1.2145E-01  6.5540E-02  1.0013E-01
 GRADIENT:   3.8338E+01  4.1933E+01 -1.5157E+01 -1.1401E+01  2.7979E+01 -2.3050E+02  1.5183E+01  8.4123E+01  2.9144E+01 -9.7592E+00
             3.4550E+01  2.6599E+01 -2.4283E+00 -6.9780E+00

0ITERATION NO.:    5    OBJECTIVE VALUE:   2888.81146198234        NO. OF FUNC. EVALS.:  12
 CUMULATIVE NO. OF FUNC. EVALS.:       66
 NPARAMETR:  1.3706E-01  2.1880E+00  5.0067E+00  2.8128E-01  1.1782E+00  3.7605E-02  9.5481E-01 -1.3819E-01  5.8302E-02  3.5608E-02
             5.8471E-02  4.3839E-02  9.1121E-02  1.0371E-01
 PARAMETER:  4.1526E-01  1.8982E-01  1.0134E-01  3.5554E-02  2.6395E-01 -8.7804E-01  1.2731E-01 -6.9093E-02 -1.6976E-01  1.5545E-01
            -3.5371E-01 -3.1233E-01  5.3509E-02  1.1822E-01
 GRADIENT:  -5.5380E+00  7.8534E+01  3.9907E+00 -1.3051E+01  2.6023E+01 -2.2817E+02  1.4681E+02  9.0073E+01  5.2081E+00  4.7900E+01
             1.4423E+01  8.7029E+00 -4.1850E+00 -4.4566E+00

0ITERATION NO.:    6    OBJECTIVE VALUE:   2886.13133423084        NO. OF FUNC. EVALS.:  12
 CUMULATIVE NO. OF FUNC. EVALS.:       78
 NPARAMETR:  1.3833E-01  2.1370E+00  4.8501E+00  2.8412E-01  1.1689E+00  3.7823E-02  1.0303E+00 -1.4163E-01  5.2408E-02  1.4799E-02
             3.3156E-02  3.5424E-02  8.9943E-02  1.0520E-01
 PARAMETER:  4.2444E-01  1.6624E-01  6.9566E-02  4.5611E-02  2.5605E-01 -8.7225E-01  1.3737E-01 -7.0817E-02 -2.2305E-01  6.8141E-02
            -4.7219E-01 -4.1889E-01  4.7000E-02  1.2534E-01
 GRADIENT:   2.7605E+01  6.8940E+01 -5.3579E+01 -9.5792E+00  2.3680E+01 -2.2192E+02  1.3059E+02  9.8207E+01  7.5405E+00 -7.2958E+01
             2.7599E+00 -3.1588E+00 -6.2102E+00 -5.0903E+00

0ITERATION NO.:    7    OBJECTIVE VALUE:   2885.48820593192        NO. OF FUNC. EVALS.:  12
 CUMULATIVE NO. OF FUNC. EVALS.:       90
 NPARAMETR:  1.3621E-01  2.0434E+00  4.9335E+00  2.8856E-01  1.1549E+00  3.7622E-02  1.0091E+00 -1.0334E-01  5.4306E-02  1.5177E-02
             3.1205E-02  3.3148E-02  9.0018E-02  1.0531E-01
 PARAMETER:  4.0902E-01  1.2146E-01  8.6621E-02  6.1121E-02  2.4405E-01 -8.7759E-01  1.3454E-01 -5.1668E-02 -2.0527E-01  6.8649E-02
            -5.0818E-01 -4.5209E-01  4.7418E-02  1.2588E-01
 GRADIENT:   1.6370E+01  3.3103E+01 -2.2804E+01 -6.3244E-01  1.9659E+01 -2.2689E+02  1.2082E+02  1.0232E+02  1.1814E+01 -7.8281E+01
            -3.1358E-01 -5.4956E+00 -6.8261E+00 -5.9988E+00

0ITERATION NO.:    8    OBJECTIVE VALUE:   2885.28763915840        NO. OF FUNC. EVALS.:  12
 CUMULATIVE NO. OF FUNC. EVALS.:      102
 NPARAMETR:  1.3644E-01  2.0203E+00  4.8274E+00  2.9015E-01  1.1455E+00  3.7721E-02  9.8631E-01 -8.6248E-02  5.7422E-02  1.9773E-02
             3.2544E-02  3.1684E-02  9.0520E-02  1.0546E-01
 PARAMETER:  4.1075E-01  1.1009E-01  6.4875E-02  6.6607E-02  2.3580E-01 -8.7495E-01  1.3151E-01 -4.3124E-02 -1.7737E-01  8.6977E-02
            -5.3150E-01 -4.7468E-01  5.0199E-02  1.2659E-01
 GRADIENT:   1.7379E+01  2.9076E+01 -6.6729E+01  2.3916E+00  1.4914E+01 -2.2576E+02  1.1884E+02  1.1418E+02  1.5680E+01 -5.4740E+01
            -1.3913E+00 -9.2920E+00 -5.6030E+00 -5.9468E+00

0ITERATION NO.:    9    OBJECTIVE VALUE:   2884.28181483058        NO. OF FUNC. EVALS.:  12
 CUMULATIVE NO. OF FUNC. EVALS.:      114
 NPARAMETR:  1.3895E-01  2.0589E+00  4.8913E+00  2.8929E-01  1.1378E+00  3.8030E-02  9.7087E-01 -1.0417E-01  6.7264E-02  2.3300E-02
             3.1531E-02  2.9260E-02  9.1793E-02  1.0586E-01
 PARAMETER:  4.2894E-01  1.2902E-01  7.8015E-02  6.3630E-02  2.2914E-01 -8.6679E-01  1.2945E-01 -5.2084E-02 -9.8272E-02  9.4697E-02
            -5.7777E-01 -5.1447E-01  5.7185E-02  1.2846E-01
 GRADIENT:   3.3955E+01  3.7890E+01 -4.2058E+01 -2.9117E-01  1.0016E+01 -2.1788E+02  9.5107E+01  1.0769E+02  2.4760E+01 -5.4576E+01
            -4.6761E+00 -1.2685E+01 -5.1051E+00 -5.4840E+00

0ITERATION NO.:   10    OBJECTIVE VALUE:   2883.91994682952        NO. OF FUNC. EVALS.:  12
 CUMULATIVE NO. OF FUNC. EVALS.:      126
 NPARAMETR:  1.3698E-01  2.0669E+00  4.8796E+00  2.8848E-01  1.1507E+00  3.8029E-02  9.4390E-01 -1.1693E-01  6.9300E-02  2.3278E-02
             3.0831E-02  2.9011E-02  9.2233E-02  1.0599E-01
 PARAMETER:  4.1463E-01  1.3292E-01  7.5628E-02  6.0855E-02  2.4040E-01 -8.6682E-01  1.2585E-01 -5.8466E-02 -8.3366E-02  9.3208E-02
            -5.8743E-01 -5.1874E-01  5.9577E-02  1.2908E-01
 GRADIENT:   1.9450E+01  3.7876E+01 -4.8596E+01 -1.7059E+00  1.7270E+01 -2.1817E+02  8.8638E+01  9.3788E+01  2.7936E+01 -5.8646E+01
            -5.1268E+00 -1.3564E+01 -4.8112E+00 -5.4604E+00

0ITERATION NO.:   11    OBJECTIVE VALUE:   2882.57285321498        NO. OF FUNC. EVALS.:  11
 CUMULATIVE NO. OF FUNC. EVALS.:      137
 NPARAMETR:  1.3879E-01  2.0342E+00  4.8952E+00  2.8231E-01  1.2363E+00  3.9282E-02  9.7414E-01 -7.6051E-02  7.0037E-02  2.5307E-02
             3.0280E-02  3.0586E-02  9.5311E-02  1.0715E-01
 PARAMETER:  4.2779E-01  1.1698E-01  7.8825E-02  3.9218E-02  3.1213E-01 -8.3441E-01  1.2989E-01 -3.8025E-02 -7.8074E-02  1.0080E-01
            -6.2995E-01 -4.9232E-01  7.5989E-02  1.3452E-01
 GRADIENT:   3.4456E+01  2.7796E+01 -3.8766E+01 -1.5528E+01  6.3498E+01 -1.8455E+02  9.9602E+01  1.3935E+02  2.7463E+01 -5.5871E+01
            -1.1236E+01 -9.7234E+00 -2.6607E+00 -9.9028E+00

0ITERATION NO.:   12    OBJECTIVE VALUE:   2863.47172853785        NO. OF FUNC. EVALS.:  12
 CUMULATIVE NO. OF FUNC. EVALS.:      149
 NPARAMETR:  1.3305E-01  2.0514E+00  4.8678E+00  2.9329E-01  1.1463E+00  4.3426E-02  7.9739E-01 -1.2394E-01  5.7429E-02  2.5016E-02
             2.5143E-02  5.0446E-02  1.1634E-01  1.3042E-01
 PARAMETER:  3.8557E-01  1.2537E-01  7.3207E-02  7.7393E-02  2.3655E-01 -7.3411E-01  1.0632E-01 -6.1971E-02 -1.7731E-01  1.1003E-01
            -8.2720E-01 -2.4214E-01  1.7566E-01  2.3281E-01
 GRADIENT:   5.3344E+00  2.4095E+01 -3.2788E+01  7.3447E+00  1.2120E+01 -8.8645E+01  3.2377E+01  8.0206E+01  1.6917E+01 -4.3417E+01
            -1.7657E+01  1.9342E+01  1.0964E+01  7.7207E+00

0ITERATION NO.:   13    OBJECTIVE VALUE:   2855.70053483038        NO. OF FUNC. EVALS.:  11
 CUMULATIVE NO. OF FUNC. EVALS.:      160
 NPARAMETR:  1.2921E-01  2.0258E+00  4.8973E+00  2.7073E-01  1.0972E+00  4.6735E-02  6.9314E-01 -1.2964E-01  4.8721E-02  2.4079E-02
             3.2256E-02  3.6578E-02  8.9652E-02  1.0476E-01
 PARAMETER:  3.5626E-01  1.1283E-01  7.9240E-02 -2.6562E-03  1.9279E-01 -6.6069E-01  9.2419E-02 -6.4819E-02 -2.5953E-01  1.1499E-01
            -6.4876E-01 -4.0286E-01  4.5382E-02  1.2327E-01
 GRADIENT:  -1.1655E+01 -1.1303E+01 -2.4448E+01 -5.6568E+01 -1.7311E+01 -2.6427E+01 -4.2929E+01  2.4926E+01  2.2381E+00 -1.8283E+01
            -1.6892E+00  5.1600E+00 -7.8325E+00 -3.0286E+00

0ITERATION NO.:   14    OBJECTIVE VALUE:   2853.83693792428        NO. OF FUNC. EVALS.:  12
 CUMULATIVE NO. OF FUNC. EVALS.:      172
 NPARAMETR:  1.2946E-01  2.0364E+00  4.9059E+00  2.7950E-01  1.1083E+00  4.7208E-02  6.8209E-01 -1.3620E-01  4.7632E-02  2.4176E-02
             3.3891E-02  3.4611E-02  8.7269E-02  1.0181E-01
 PARAMETER:  3.5823E-01  1.1804E-01  8.0997E-02  2.9218E-02  2.0286E-01 -6.5061E-01  9.0945E-02 -6.8099E-02 -2.7084E-01  1.1676E-01
            -6.1860E-01 -4.3049E-01  3.1912E-02  1.0898E-01
 GRADIENT:  -1.0082E+01 -6.7326E+00 -2.0697E+01 -3.0581E+01 -8.9933E+00 -1.9402E+01 -5.4813E+01  1.8988E+01 -3.9955E-01 -1.0077E+01
             1.4614E+00  2.7614E+00 -6.7296E+00 -4.4007E+00

0ITERATION NO.:   15    OBJECTIVE VALUE:   2853.67901488381        NO. OF FUNC. EVALS.:  12
 CUMULATIVE NO. OF FUNC. EVALS.:      184
 NPARAMETR:  1.2955E-01  2.0320E+00  4.9123E+00  2.7861E-01  1.1112E+00  4.7261E-02  6.8825E-01 -1.3431E-01  4.7394E-02  2.3929E-02
             3.4582E-02  3.3273E-02  9.1539E-02  1.0902E-01
 PARAMETER:  3.5888E-01  1.1587E-01  8.2296E-02  2.6014E-02  2.0547E-01 -6.4948E-01  9.1767E-02 -6.7154E-02 -2.7334E-01  1.1586E-01
            -5.9866E-01 -4.5021E-01  5.5795E-02  1.4317E-01
 GRADIENT:  -8.5562E+00 -9.6592E+00 -1.9122E+01 -3.2011E+01 -6.4903E+00 -1.8084E+01 -5.3461E+01  1.6369E+01 -6.8884E-01 -9.7129E+00
             3.3500E+00  9.6804E-01 -3.5936E+00  8.6239E-02

0ITERATION NO.:   16    OBJECTIVE VALUE:   2853.09516050849        NO. OF FUNC. EVALS.:  11
 CUMULATIVE NO. OF FUNC. EVALS.:      195
 NPARAMETR:  1.3003E-01  2.0391E+00  4.9235E+00  2.8032E-01  1.1090E+00  4.7521E-02  7.1736E-01 -1.4148E-01  4.7697E-02  2.3834E-02
             3.4235E-02  3.2758E-02  9.7428E-02  1.0377E-01
 PARAMETER:  3.6257E-01  1.1936E-01  8.4573E-02  3.2151E-02  2.0347E-01 -6.4401E-01  9.5649E-02 -7.0739E-02 -2.7015E-01  1.1503E-01
            -6.0257E-01 -4.5800E-01  8.6971E-02  1.1850E-01
 GRADIENT:  -5.9845E+00 -1.0916E+01 -1.6060E+01 -2.5703E+01 -7.1837E+00 -1.4193E+01 -3.0577E+01  6.9008E+00  5.7909E-01 -1.0396E+01
             3.2069E+00  5.9101E-01  4.9661E-01 -2.9256E+00

0ITERATION NO.:   17    OBJECTIVE VALUE:   2852.45069534010        NO. OF FUNC. EVALS.:  11
 CUMULATIVE NO. OF FUNC. EVALS.:      206
 NPARAMETR:  1.3113E-01  2.0494E+00  4.9357E+00  2.8521E-01  1.1151E+00  4.8035E-02  7.6500E-01 -1.5125E-01  4.9125E-02  2.4421E-02
             3.3886E-02  3.2673E-02  8.9171E-02  1.1035E-01
 PARAMETER:  3.7100E-01  1.2441E-01  8.7058E-02  4.9440E-02  2.0896E-01 -6.3325E-01  1.0200E-01 -7.5626E-02 -2.5540E-01  1.1614E-01
            -6.1572E-01 -4.5930E-01  4.2692E-02  1.4924E-01
 GRADIENT:   2.9321E+00 -1.5237E+01 -1.0475E+01 -1.4754E+01 -1.5673E+00 -6.7771E+00  3.8565E+00 -1.1559E+01  3.6350E+00 -9.0966E+00
             2.4247E+00  8.3092E-01 -4.5264E+00  3.8326E-01

0ITERATION NO.:   18    OBJECTIVE VALUE:   2852.05605256083        NO. OF FUNC. EVALS.:  11
 CUMULATIVE NO. OF FUNC. EVALS.:      217
 NPARAMETR:  1.3126E-01  2.0644E+00  4.9566E+00  2.8895E-01  1.1171E+00  4.8376E-02  7.5647E-01 -1.5546E-01  4.7815E-02  2.4895E-02
             3.3408E-02  3.2142E-02  9.3302E-02  1.0983E-01
 PARAMETER:  3.7203E-01  1.3170E-01  9.1276E-02  6.2477E-02  2.1072E-01 -6.2617E-01  1.0086E-01 -7.7731E-02 -2.6891E-01  1.2001E-01
            -6.4653E-01 -4.6750E-01  6.5334E-02  1.4689E-01
 GRADIENT:  -9.5928E-02 -2.6017E+00 -3.0773E+00 -3.0945E+00 -6.2813E-01 -2.7972E+00  2.9247E-01 -2.8029E+00  3.8034E-01  1.9325E+00
             8.1099E-01  3.5686E-01 -1.3638E+00  2.0226E-01

0ITERATION NO.:   19    OBJECTIVE VALUE:   2852.02334951683        NO. OF FUNC. EVALS.:  11
 CUMULATIVE NO. OF FUNC. EVALS.:      228
 NPARAMETR:  1.3135E-01  2.0678E+00  4.9656E+00  2.9013E-01  1.1178E+00  4.8582E-02  7.5637E-01 -1.5629E-01  4.7445E-02  2.4442E-02
             3.2552E-02  3.1742E-02  9.5367E-02  1.0948E-01
 PARAMETER:  3.7268E-01  1.3334E-01  9.3093E-02  6.6559E-02  2.1136E-01 -6.2192E-01  1.0085E-01 -7.8143E-02 -2.7280E-01  1.1828E-01
            -6.5854E-01 -4.7376E-01  7.6282E-02  1.4528E-01
 GRADIENT:  -4.8100E-01  4.7999E-01  2.7676E-03  1.8340E-01 -1.3586E-01 -3.9529E-02 -1.7382E-01  4.8881E-01  9.0804E-02 -1.0637E+00
             9.2324E-02 -6.8663E-02 -6.7862E-02 -3.6843E-02

0ITERATION NO.:   20    OBJECTIVE VALUE:   2852.02306234244        NO. OF FUNC. EVALS.:  11
 CUMULATIVE NO. OF FUNC. EVALS.:      239
 NPARAMETR:  1.3140E-01  2.0675E+00  4.9655E+00  2.9007E-01  1.1180E+00  4.8583E-02  7.5633E-01 -1.5642E-01  4.7423E-02  2.4571E-02
             3.2605E-02  3.1785E-02  9.5551E-02  1.0954E-01
 PARAMETER:  3.7310E-01  1.3318E-01  9.3078E-02  6.6332E-02  2.1155E-01 -6.2189E-01  1.0084E-01 -7.8212E-02 -2.7303E-01  1.1894E-01
            -6.6072E-01 -4.7309E-01  7.7247E-02  1.4557E-01
 GRADIENT:   7.8723E-01 -7.1447E-01  6.9013E-02 -8.3099E-02  1.1793E-01 -8.8723E-02 -7.5684E-01 -1.2193E+00 -8.8886E-02  4.1762E-01
            -2.7829E-02  1.8031E-02  6.6340E-02 -9.3059E-03

0ITERATION NO.:   21    OBJECTIVE VALUE:   2852.02283057831        NO. OF FUNC. EVALS.:  11
 CUMULATIVE NO. OF FUNC. EVALS.:      250
 NPARAMETR:  1.3137E-01  2.0675E+00  4.9655E+00  2.9007E-01  1.1179E+00  4.8587E-02  7.5686E-01 -1.5612E-01  4.7453E-02  2.4560E-02
             3.2612E-02  3.1787E-02  9.5472E-02  1.0957E-01
 PARAMETER:  3.7285E-01  1.3319E-01  9.3075E-02  6.6357E-02  2.1149E-01 -6.2181E-01  1.0091E-01 -7.8059E-02 -2.7271E-01  1.1884E-01
            -6.6005E-01 -4.7305E-01  7.6829E-02  1.4568E-01
 GRADIENT:  -9.7044E-02  1.4133E-01 -2.5893E-03  1.0535E-02 -2.7686E-02 -6.5461E-03  2.0006E-01  1.5667E-01 -6.3038E-03  1.2426E-01
             3.7466E-03  8.3755E-03  1.3896E-02  8.4013E-03

0ITERATION NO.:   22    OBJECTIVE VALUE:   2852.02282103121        NO. OF FUNC. EVALS.:  11
 CUMULATIVE NO. OF FUNC. EVALS.:      261
 NPARAMETR:  1.3137E-01  2.0674E+00  4.9655E+00  2.9008E-01  1.1180E+00  4.8587E-02  7.5668E-01 -1.5614E-01  4.7450E-02  2.4544E-02
             3.2596E-02  3.1780E-02  9.5450E-02  1.0955E-01
 PARAMETER:  3.7286E-01  1.3315E-01  9.3069E-02  6.6378E-02  2.1150E-01 -6.2181E-01  1.0089E-01 -7.8069E-02 -2.7275E-01  1.1877E-01
            -6.6006E-01 -4.7317E-01  7.6714E-02  1.4562E-01
 GRADIENT:   3.8596E-03 -1.5016E-02 -2.6216E-03  9.2246E-03  1.5072E-03 -3.5550E-03 -3.4033E-02 -2.3254E-02  2.7826E-03 -3.9894E-02
             2.8869E-03 -4.7595E-04 -2.7768E-03 -1.3176E-03

0ITERATION NO.:   23    OBJECTIVE VALUE:   2852.02282103121        NO. OF FUNC. EVALS.:  24
 CUMULATIVE NO. OF FUNC. EVALS.:      285
 NPARAMETR:  1.3137E-01  2.0674E+00  4.9655E+00  2.9008E-01  1.1180E+00  4.8587E-02  7.5668E-01 -1.5614E-01  4.7450E-02  2.4544E-02
             3.2596E-02  3.1780E-02  9.5450E-02  1.0955E-01
 PARAMETER:  3.7286E-01  1.3315E-01  9.3069E-02  6.6378E-02  2.1150E-01 -6.2181E-01  1.0089E-01 -7.8069E-02 -2.7275E-01  1.1877E-01
            -6.6006E-01 -4.7317E-01  7.6714E-02  1.4562E-01
 GRADIENT:  -1.9659E-01 -6.8370E-02 -2.0343E-02 -7.7255E-03 -3.4768E-02 -8.0721E-03 -1.9956E-01 -1.0426E-01  2.7826E-03 -3.9894E-02
             2.8869E-03 -4.7595E-04 -2.7768E-03 -1.3176E-03

0ITERATION NO.:   24    OBJECTIVE VALUE:   2852.02282103121        NO. OF FUNC. EVALS.:  16
 CUMULATIVE NO. OF FUNC. EVALS.:      301
 NPARAMETR:  1.3137E-01  2.0674E+00  4.9655E+00  2.9008E-01  1.1180E+00  4.8587E-02  7.5668E-01 -1.5614E-01  4.7450E-02  2.4544E-02
             3.2596E-02  3.1780E-02  9.5450E-02  1.0955E-01
 PARAMETER:  3.7286E-01  1.3315E-01  9.3069E-02  6.6378E-02  2.1150E-01 -6.2181E-01  1.0089E-01 -7.8069E-02 -2.7275E-01  1.1877E-01
            -6.6006E-01 -4.7317E-01  7.6714E-02  1.4562E-01
 GRADIENT:  -1.9659E-01 -6.8370E-02 -2.0343E-02 -7.7255E-03 -3.4768E-02 -8.0721E-03 -1.9956E-01 -1.0426E-01  2.7826E-03 -3.9894E-02
             2.8869E-03 -4.7595E-04 -2.7768E-03 -1.3176E-03

 #TERM:
0MINIMIZATION SUCCESSFUL
 NO. OF FUNCTION EVALUATIONS USED:      301
 NO. OF SIG. DIGITS IN FINAL EST.:  3.2

 ETABAR IS THE ARITHMETIC MEAN OF THE ETA-ESTIMATES,
 AND THE P-VALUE IS GIVEN FOR THE NULL HYPOTHESIS THAT THE TRUE MEAN IS 0.

 ETABAR:         9.9277E-04 -5.6207E-03  1.5079E-03  4.7040E-03 -6.9528E-03
 SE:             3.3887E-02  2.5763E-02  2.4252E-02  4.6441E-02  4.9069E-02
 N:                      40          40          40          40          40

 P VAL.:         9.7663E-01  8.2730E-01  9.5042E-01  9.1932E-01  8.8732E-01

 ETASHRINKSD(%)  3.5639E-01  8.6019E+00  1.2862E+01  3.7190E+00  5.0438E+00
 ETASHRINKVR(%)  7.1152E-01  1.6464E+01  2.4070E+01  7.2996E+00  9.8332E+00
 EBVSHRINKSD(%)  1.4891E+00  9.5876E+00  1.3192E+01  4.6124E+00  5.9952E+00
 EBVSHRINKVR(%)  2.9561E+00  1.8256E+01  2.4644E+01  9.0120E+00  1.1631E+01
 EPSSHRINKSD(%)  2.6379E+01
 EPSSHRINKVR(%)  4.5800E+01

  
 TOTAL DATA POINTS NORMALLY DISTRIBUTED (N):          360
 N*LOG(2PI) CONSTANT TO OBJECTIVE FUNCTION:    661.63574390736437     
 OBJECTIVE FUNCTION VALUE WITHOUT CONSTANT:    2852.0228210312089     
 OBJECTIVE FUNCTION VALUE WITH CONSTANT:       3513.6585649385734     
 REPORTED OBJECTIVE FUNCTION DOES NOT CONTAIN CONSTANT
  
 TOTAL EFFECTIVE ETAS (NIND*NETA):                           200
  
 #TERE:
 Elapsed estimation  time in seconds:   157.29
 Elapsed covariance  time in seconds:   230.52
 Elapsed postprocess time in seconds:     1.55
1
 
 
 
 
 
 
 
 
 
 
 
 
 
 
 
 
 
 
 
 
 ************************************************************************************************************************
 ********************                                                                                ********************
 ********************               FIRST ORDER CONDITIONAL ESTIMATION WITH INTERACTION              ********************
 #OBJT:**************                       MINIMUM VALUE OF OBJECTIVE FUNCTION                      ********************
 ********************                                                                                ********************
 ************************************************************************************************************************
 





 #OBJV:********************************************     2852.023       **************************************************
1
 ************************************************************************************************************************
 ********************                                                                                ********************
 ********************               FIRST ORDER CONDITIONAL ESTIMATION WITH INTERACTION              ********************
 ********************                             FINAL PARAMETER ESTIMATE                           ********************
 ********************                                                                                ********************
 ************************************************************************************************************************
 


 THETA - VECTOR OF FIXED EFFECTS PARAMETERS   *********


         TH 1      TH 2      TH 3      TH 4      TH 5      TH 6      TH 7      TH 8      TH 9      TH10      TH11      TH12     

 
         1.31E-01  2.07E+00  4.97E+00  2.90E-01  1.12E+00  4.86E-02  0.00E+00  0.00E+00  0.00E+00  0.00E+00  7.57E-01 -1.56E-01
 


 OMEGA - COV MATRIX FOR RANDOM EFFECTS - ETAS  ********


         ETA1      ETA2      ETA3      ETA4      ETA5     
 
 ETA1
+        4.74E-02
 
 ETA2
+        2.45E-02  3.26E-02
 
 ETA3
+        0.00E+00  0.00E+00  3.18E-02
 
 ETA4
+        0.00E+00  0.00E+00  0.00E+00  9.54E-02
 
 ETA5
+        0.00E+00  0.00E+00  0.00E+00  0.00E+00  1.10E-01
 


 SIGMA - COV MATRIX FOR RANDOM EFFECTS - EPSILONS  ****


         EPS1     
 
 EPS1
+        1.00E+00
 
1


 OMEGA - CORR MATRIX FOR RANDOM EFFECTS - ETAS  *******


         ETA1      ETA2      ETA3      ETA4      ETA5     
 
 ETA1
+        2.18E-01
 
 ETA2
+        6.24E-01  1.81E-01
 
 ETA3
+        0.00E+00  0.00E+00  1.78E-01
 
 ETA4
+        0.00E+00  0.00E+00  0.00E+00  3.09E-01
 
 ETA5
+        0.00E+00  0.00E+00  0.00E+00  0.00E+00  3.31E-01
 


 SIGMA - CORR MATRIX FOR RANDOM EFFECTS - EPSILONS  ***


         EPS1     
 
 EPS1
+        1.00E+00
 
1
 ************************************************************************************************************************
 ********************                                                                                ********************
 ********************               FIRST ORDER CONDITIONAL ESTIMATION WITH INTERACTION              ********************
 ********************                            STANDARD ERROR OF ESTIMATE                          ********************
 ********************                                                                                ********************
 ************************************************************************************************************************
 


 THETA - VECTOR OF FIXED EFFECTS PARAMETERS   *********


         TH 1      TH 2      TH 3      TH 4      TH 5      TH 6      TH 7      TH 8      TH 9      TH10      TH11      TH12     

 
         4.89E-03  9.75E-02  1.60E-01  1.34E-02  6.13E-02  4.08E-04 ......... ......... ......... .........  1.11E-01  5.66E-02
 


 OMEGA - COV MATRIX FOR RANDOM EFFECTS - ETAS  ********


         ETA1      ETA2      ETA3      ETA4      ETA5     
 
 ETA1
+        1.08E-02
 
 ETA2
+        7.98E-03  8.79E-03
 
 ETA3
+       ......... .........  6.69E-03
 
 ETA4
+       ......... ......... .........  2.52E-02
 
 ETA5
+       ......... ......... ......... .........  3.44E-02
 


 SIGMA - COV MATRIX FOR RANDOM EFFECTS - EPSILONS  ****


         EPS1     
 
 EPS1
+       .........
 
1


 OMEGA - CORR MATRIX FOR RANDOM EFFECTS - ETAS  *******


         ETA1      ETA2      ETA3      ETA4      ETA5     
 
 ETA1
+        2.49E-02
 
 ETA2
+        1.21E-01  2.43E-02
 
 ETA3
+       ......... .........  1.88E-02
 
 ETA4
+       ......... ......... .........  4.08E-02
 
 ETA5
+       ......... ......... ......... .........  5.19E-02
 


 SIGMA - CORR MATRIX FOR RANDOM EFFECTS - EPSILONS  ***


         EPS1     
 
 EPS1
+       .........
 
1
 ************************************************************************************************************************
 ********************                                                                                ********************
 ********************               FIRST ORDER CONDITIONAL ESTIMATION WITH INTERACTION              ********************
 ********************                          COVARIANCE MATRIX OF ESTIMATE                         ********************
 ********************                                                                                ********************
 ************************************************************************************************************************
 

            TH 1      TH 2      TH 3      TH 4      TH 5      TH 6      TH 7      TH 8      TH 9      TH10      TH11      TH12  
             OM11      OM12      OM13      OM14      OM15      OM22      OM23      OM24      OM25      OM33      OM34      OM35  
            OM44      OM45      OM55      SG11  
 
 TH 1
+        2.39E-05
 
 TH 2
+        1.79E-04  9.50E-03
 
 TH 3
+       -3.77E-05  4.48E-03  2.54E-02
 
 TH 4
+        2.06E-05  2.81E-05 -2.46E-04  1.80E-04
 
 TH 5
+       -2.78E-05  5.40E-04  4.48E-04  1.59E-04  3.75E-03
 
 TH 6
+       -3.16E-07  5.81E-06  5.52E-06 -5.68E-07 -3.90E-06  1.66E-07
 
 TH 7
+       ......... ......... ......... ......... ......... ......... .........
 
 TH 8
+       ......... ......... ......... ......... ......... ......... ......... .........
 
 TH 9
+       ......... ......... ......... ......... ......... ......... ......... ......... .........
 
 TH10
+       ......... ......... ......... ......... ......... ......... ......... ......... ......... .........
 
 TH11
+        1.97E-04  2.91E-04  3.05E-03  4.13E-04  1.06E-03 -9.55E-06 ......... ......... ......... .........  1.23E-02
 
 TH12
+       -5.91E-05 -4.00E-03 -1.85E-03  7.12E-05 -3.57E-04  2.49E-06 ......... ......... ......... ......... -1.88E-03  3.20E-03
 
 OM11
+        1.40E-05  7.09E-05 -2.97E-04  1.11E-05 -1.07E-04  1.10E-06 ......... ......... ......... ......... -1.55E-04  5.01E-05
          1.18E-04
 
 OM12
+        5.50E-06  8.79E-06 -1.11E-04 -1.12E-05 -1.19E-04  1.17E-06 ......... ......... ......... ......... -2.34E-04  4.91E-05
          6.20E-05  6.37E-05
 
 OM13
+       ......... ......... ......... ......... ......... ......... ......... ......... ......... ......... ......... .........
         ......... ......... .........
 
 OM14
+       ......... ......... ......... ......... ......... ......... ......... ......... ......... ......... ......... .........
         ......... ......... ......... .........
 
 OM15
+       ......... ......... ......... ......... ......... ......... ......... ......... ......... ......... ......... .........
         ......... ......... ......... ......... .........
 
 OM22
+       -1.06E-07  5.65E-05  1.53E-04 -1.76E-05  4.05E-05  9.36E-07 ......... ......... ......... ......... -2.50E-04  6.58E-05
          2.58E-05  4.35E-05 ......... ......... .........  7.73E-05
 
 OM23
+       ......... ......... ......... ......... ......... ......... ......... ......... ......... ......... ......... .........
         ......... ......... ......... ......... ......... ......... .........
 
1

            TH 1      TH 2      TH 3      TH 4      TH 5      TH 6      TH 7      TH 8      TH 9      TH10      TH11      TH12  
             OM11      OM12      OM13      OM14      OM15      OM22      OM23      OM24      OM25      OM33      OM34      OM35  
            OM44      OM45      OM55      SG11  
 
 OM24
+       ......... ......... ......... ......... ......... ......... ......... ......... ......... ......... ......... .........
         ......... ......... ......... ......... ......... ......... ......... .........
 
 OM25
+       ......... ......... ......... ......... ......... ......... ......... ......... ......... ......... ......... .........
         ......... ......... ......... ......... ......... ......... ......... ......... .........
 
 OM33
+        1.95E-06  1.18E-04  4.24E-04  1.57E-05 -5.71E-06  1.10E-07 ......... ......... ......... .........  6.73E-05  4.57E-06
          7.05E-06 -2.78E-06 ......... ......... .........  2.45E-06 ......... ......... .........  4.48E-05
 
 OM34
+       ......... ......... ......... ......... ......... ......... ......... ......... ......... ......... ......... .........
         ......... ......... ......... ......... ......... ......... ......... ......... ......... ......... .........
 
 OM35
+       ......... ......... ......... ......... ......... ......... ......... ......... ......... ......... ......... .........
         ......... ......... ......... ......... ......... ......... ......... ......... ......... ......... ......... .........
 
 OM44
+       -1.50E-05 -8.76E-05 -5.02E-04 -9.71E-05 -2.14E-04 -1.31E-06 ......... ......... ......... ......... -3.13E-04 -1.27E-04
         -2.01E-05  2.14E-07 ......... ......... ......... -5.05E-05 ......... ......... ......... -7.13E-06 ......... .........
         6.36E-04
 
 OM45
+       ......... ......... ......... ......... ......... ......... ......... ......... ......... ......... ......... .........
         ......... ......... ......... ......... ......... ......... ......... ......... ......... ......... ......... .........
        ......... .........
 
 OM55
+        4.81E-06  2.25E-04  2.25E-04 -3.42E-05  3.69E-04 -7.90E-06 ......... ......... ......... .........  1.32E-03 -7.22E-04
         -3.76E-05 -6.45E-05 ......... ......... .........  5.97E-06 ......... ......... ......... -2.44E-05 ......... .........
        -1.03E-04 .........  1.18E-03
 
 SG11
+       ......... ......... ......... ......... ......... ......... ......... ......... ......... ......... ......... .........
         ......... ......... ......... ......... ......... ......... ......... ......... ......... ......... ......... .........
        ......... ......... ......... .........
 
1
 ************************************************************************************************************************
 ********************                                                                                ********************
 ********************               FIRST ORDER CONDITIONAL ESTIMATION WITH INTERACTION              ********************
 ********************                          CORRELATION MATRIX OF ESTIMATE                        ********************
 ********************                                                                                ********************
 ************************************************************************************************************************
 

            TH 1      TH 2      TH 3      TH 4      TH 5      TH 6      TH 7      TH 8      TH 9      TH10      TH11      TH12  
             OM11      OM12      OM13      OM14      OM15      OM22      OM23      OM24      OM25      OM33      OM34      OM35  
            OM44      OM45      OM55      SG11  
 
 TH 1
+        4.89E-03
 
 TH 2
+        3.77E-01  9.75E-02
 
 TH 3
+       -4.84E-02  2.88E-01  1.60E-01
 
 TH 4
+        3.15E-01  2.15E-02 -1.15E-01  1.34E-02
 
 TH 5
+       -9.28E-02  9.05E-02  4.58E-02  1.93E-01  6.13E-02
 
 TH 6
+       -1.59E-01  1.46E-01  8.49E-02 -1.04E-01 -1.56E-01  4.08E-04
 
 TH 7
+       ......... ......... ......... ......... ......... ......... .........
 
 TH 8
+       ......... ......... ......... ......... ......... ......... ......... .........
 
 TH 9
+       ......... ......... ......... ......... ......... ......... ......... ......... .........
 
 TH10
+       ......... ......... ......... ......... ......... ......... ......... ......... ......... .........
 
 TH11
+        3.65E-01  2.69E-02  1.73E-01  2.77E-01  1.56E-01 -2.11E-01 ......... ......... ......... .........  1.11E-01
 
 TH12
+       -2.14E-01 -7.25E-01 -2.05E-01  9.39E-02 -1.03E-01  1.08E-01 ......... ......... ......... ......... -2.99E-01  5.66E-02
 
 OM11
+        2.65E-01  6.70E-02 -1.72E-01  7.66E-02 -1.61E-01  2.49E-01 ......... ......... ......... ......... -1.29E-01  8.16E-02
          1.08E-02
 
 OM12
+        1.41E-01  1.13E-02 -8.75E-02 -1.05E-01 -2.44E-01  3.59E-01 ......... ......... ......... ......... -2.65E-01  1.09E-01
          7.16E-01  7.98E-03
 
 OM13
+       ......... ......... ......... ......... ......... ......... ......... ......... ......... ......... ......... .........
         ......... ......... .........
 
 OM14
+       ......... ......... ......... ......... ......... ......... ......... ......... ......... ......... ......... .........
         ......... ......... ......... .........
 
 OM15
+       ......... ......... ......... ......... ......... ......... ......... ......... ......... ......... ......... .........
         ......... ......... ......... ......... .........
 
 OM22
+       -2.48E-03  6.59E-02  1.09E-01 -1.49E-01  7.52E-02  2.61E-01 ......... ......... ......... ......... -2.57E-01  1.32E-01
          2.70E-01  6.20E-01 ......... ......... .........  8.79E-03
 
 OM23
+       ......... ......... ......... ......... ......... ......... ......... ......... ......... ......... ......... .........
         ......... ......... ......... ......... ......... ......... .........
 
1

            TH 1      TH 2      TH 3      TH 4      TH 5      TH 6      TH 7      TH 8      TH 9      TH10      TH11      TH12  
             OM11      OM12      OM13      OM14      OM15      OM22      OM23      OM24      OM25      OM33      OM34      OM35  
            OM44      OM45      OM55      SG11  
 
 OM24
+       ......... ......... ......... ......... ......... ......... ......... ......... ......... ......... ......... .........
         ......... ......... ......... ......... ......... ......... ......... .........
 
 OM25
+       ......... ......... ......... ......... ......... ......... ......... ......... ......... ......... ......... .........
         ......... ......... ......... ......... ......... ......... ......... ......... .........
 
 OM33
+        5.98E-02  1.80E-01  3.97E-01  1.75E-01 -1.39E-02  4.02E-02 ......... ......... ......... .........  9.08E-02  1.21E-02
          9.72E-02 -5.21E-02 ......... ......... .........  4.17E-02 ......... ......... .........  6.69E-03
 
 OM34
+       ......... ......... ......... ......... ......... ......... ......... ......... ......... ......... ......... .........
         ......... ......... ......... ......... ......... ......... ......... ......... ......... ......... .........
 
 OM35
+       ......... ......... ......... ......... ......... ......... ......... ......... ......... ......... ......... .........
         ......... ......... ......... ......... ......... ......... ......... ......... ......... ......... ......... .........
 
 OM44
+       -1.22E-01 -3.57E-02 -1.25E-01 -2.87E-01 -1.39E-01 -1.27E-01 ......... ......... ......... ......... -1.12E-01 -8.88E-02
         -7.36E-02  1.06E-03 ......... ......... ......... -2.28E-01 ......... ......... ......... -4.23E-02 ......... .........
         2.52E-02
 
 OM45
+       ......... ......... ......... ......... ......... ......... ......... ......... ......... ......... ......... .........
         ......... ......... ......... ......... ......... ......... ......... ......... ......... ......... ......... .........
        ......... .........
 
 OM55
+        2.86E-02  6.72E-02  4.10E-02 -7.41E-02  1.75E-01 -5.64E-01 ......... ......... ......... .........  3.47E-01 -3.71E-01
         -1.01E-01 -2.35E-01 ......... ......... .........  1.97E-02 ......... ......... ......... -1.06E-01 ......... .........
        -1.18E-01 .........  3.44E-02
 
 SG11
+       ......... ......... ......... ......... ......... ......... ......... ......... ......... ......... ......... .........
         ......... ......... ......... ......... ......... ......... ......... ......... ......... ......... ......... .........
        ......... ......... ......... .........
 
1
 ************************************************************************************************************************
 ********************                                                                                ********************
 ********************               FIRST ORDER CONDITIONAL ESTIMATION WITH INTERACTION              ********************
 ********************                      INVERSE COVARIANCE MATRIX OF ESTIMATE                     ********************
 ********************                                                                                ********************
 ************************************************************************************************************************
 

            TH 1      TH 2      TH 3      TH 4      TH 5      TH 6      TH 7      TH 8      TH 9      TH10      TH11      TH12  
             OM11      OM12      OM13      OM14      OM15      OM22      OM23      OM24      OM25      OM33      OM34      OM35  
            OM44      OM45      OM55      SG11  
 
 TH 1
+        1.06E+05
 
 TH 2
+       -3.97E+03  5.04E+02
 
 TH 3
+        5.07E+02 -4.51E+01  6.37E+01
 
 TH 4
+       -2.37E+03 -2.81E+02  1.72E+02  8.91E+03
 
 TH 5
+        1.82E+03 -6.11E+01  5.36E+00 -3.52E+02  3.77E+02
 
 TH 6
+        6.16E+05 -3.04E+04  1.82E+03  5.71E+04  1.65E+04  1.57E+07
 
 TH 7
+       ......... ......... ......... ......... ......... ......... .........
 
 TH 8
+       ......... ......... ......... ......... ......... ......... ......... .........
 
 TH 9
+       ......... ......... ......... ......... ......... ......... ......... ......... .........
 
 TH10
+       ......... ......... ......... ......... ......... ......... ......... ......... ......... .........
 
 TH11
+       -2.63E+03  1.65E+02 -3.11E+01 -3.09E+02 -5.87E+01 -2.03E+04 ......... ......... ......... .........  2.00E+02
 
 TH12
+       -3.00E+03  6.45E+02 -2.42E+01 -5.57E+02  1.02E+01 -1.43E+04 ......... ......... ......... .........  2.02E+02  1.32E+03
 
 OM11
+       -1.05E+04 -3.28E+02  2.50E+02 -2.37E+02 -6.10E+02 -1.49E+05 ......... ......... ......... .........  2.79E+02 -1.10E+03
          2.81E+04
 
 OM12
+       -3.25E+03  1.45E+03 -2.25E+02 -1.21E+03  1.73E+03  3.52E+04 ......... ......... ......... .........  6.02E+01  3.03E+03
         -3.73E+04  8.82E+04
 
 OM13
+       ......... ......... ......... ......... ......... ......... ......... ......... ......... ......... ......... .........
         ......... ......... .........
 
 OM14
+       ......... ......... ......... ......... ......... ......... ......... ......... ......... ......... ......... .........
         ......... ......... ......... .........
 
 OM15
+       ......... ......... ......... ......... ......... ......... ......... ......... ......... ......... ......... .........
         ......... ......... ......... ......... .........
 
 OM22
+       -6.91E+03 -6.83E+02 -5.45E+01  2.59E+03 -1.43E+03 -1.71E+05 ......... ......... ......... .........  5.06E+02 -2.14E+03
          1.64E+04 -4.44E+04 ......... ......... .........  4.19E+04
 
 OM23
+       ......... ......... ......... ......... ......... ......... ......... ......... ......... ......... ......... .........
         ......... ......... ......... ......... ......... ......... .........
 
1

            TH 1      TH 2      TH 3      TH 4      TH 5      TH 6      TH 7      TH 8      TH 9      TH10      TH11      TH12  
             OM11      OM12      OM13      OM14      OM15      OM22      OM23      OM24      OM25      OM33      OM34      OM35  
            OM44      OM45      OM55      SG11  
 
 OM24
+       ......... ......... ......... ......... ......... ......... ......... ......... ......... ......... ......... .........
         ......... ......... ......... ......... ......... ......... ......... .........
 
 OM25
+       ......... ......... ......... ......... ......... ......... ......... ......... ......... ......... ......... .........
         ......... ......... ......... ......... ......... ......... ......... ......... .........
 
 OM33
+        9.55E+03 -7.00E+02 -5.51E+02 -3.12E+03  6.18E+02  1.21E+05 ......... ......... ......... ......... -4.00E+02 -7.74E+02
         -1.02E+04  1.48E+04 ......... ......... ......... -8.31E+03 ......... ......... .........  3.44E+04
 
 OM34
+       ......... ......... ......... ......... ......... ......... ......... ......... ......... ......... ......... .........
         ......... ......... ......... ......... ......... ......... ......... ......... ......... ......... .........
 
 OM35
+       ......... ......... ......... ......... ......... ......... ......... ......... ......... ......... ......... .........
         ......... ......... ......... ......... ......... ......... ......... ......... ......... ......... ......... .........
 
 OM44
+        1.96E+03 -4.93E+01  6.86E+01  1.42E+03  1.78E+01  4.83E+04 ......... ......... ......... ......... -2.84E+01  1.17E+02
          8.65E+02 -2.69E+03 ......... ......... .........  2.14E+03 ......... ......... ......... -9.80E+02 ......... .........
         2.27E+03
 
 OM45
+       ......... ......... ......... ......... ......... ......... ......... ......... ......... ......... ......... .........
         ......... ......... ......... ......... ......... ......... ......... ......... ......... ......... ......... .........
        ......... .........
 
 OM55
+        4.71E+03 -2.05E-01  2.05E+01  7.57E+02  1.54E+02  1.23E+05 ......... ......... ......... ......... -2.43E+02  4.98E+02
         -3.09E+03  5.14E+03 ......... ......... ......... -4.42E+03 ......... ......... .........  1.85E+03 ......... .........
         4.97E+02 .........  2.48E+03
 
 SG11
+       ......... ......... ......... ......... ......... ......... ......... ......... ......... ......... ......... .........
         ......... ......... ......... ......... ......... ......... ......... ......... ......... ......... ......... .........
        ......... ......... ......... .........
 
1
 
 
 
 
 
 
 
 
 
 
 
 
 
 
 
 
 
 
 
 
 ************************************************************************************************************************
 ********************                                                                                ********************
 ********************               FIRST ORDER CONDITIONAL ESTIMATION WITH INTERACTION              ********************
 ********************                      EIGENVALUES OF COR MATRIX OF ESTIMATE                     ********************
 ********************                                                                                ********************
 ************************************************************************************************************************
 

             1         2         3         4         5         6         7         8         9        10        11        12
             13        14
 
         8.24E-02  1.01E-01  2.27E-01  4.09E-01  4.24E-01  6.00E-01  6.92E-01  8.55E-01  1.05E+00  1.36E+00  1.51E+00  1.66E+00
          2.22E+00  2.82E+00
 
 Elapsed finaloutput time in seconds:     0.04
 #CPUT: Total CPU Time in Seconds,      390.184
Stop Time:
Wed Jul  8 13:46:25 PDT 2020
